Content-Type: text/plain; charset="utf-8"
MIME-Version: 1.0
Content-Transfer-Encoding: 8bit
Subject: Password reset on 127.0.0.1:8000
From: webmaster@localhost
To: rayan.mlaiki@yahoo.com
Date: Mon, 13 Mar 2023 18:21:51 -0000
Message-ID: 
 <167873171192.24672.8379921081726233007@PC-de-Rayan.customer.ask4.lan>


You're receiving this email because you requested a password reset for your user account at 127.0.0.1:8000.

Please go to the following page and choose a new password:

http://127.0.0.1:8000/accounts/reset/MQ/bl0j0f-cb86dc7c1065c6fd555c1e5cb2972705/

Your username, in case you’ve forgotten: admin

Thanks for using our site!

The 127.0.0.1:8000 team



-------------------------------------------------------------------------------
Content-Type: text/plain; charset="utf-8"
MIME-Version: 1.0
Content-Transfer-Encoding: 8bit
Subject: Password reset on 127.0.0.1:8000
From: webmaster@localhost
To: rayan.mlaiki@yahoo.com
Date: Mon, 13 Mar 2023 18:21:51 -0000
Message-ID: 
 <167873171192.24672.3429381887908301726@PC-de-Rayan.customer.ask4.lan>


You're receiving this email because you requested a password reset for your user account at 127.0.0.1:8000.

Please go to the following page and choose a new password:

http://127.0.0.1:8000/accounts/reset/Mg/bl0j0f-8361cd83c486aa03d586587ed591f3e4/

Your username, in case you’ve forgotten: Rayan

Thanks for using our site!

The 127.0.0.1:8000 team



-------------------------------------------------------------------------------
